Arguments: 
  C:\Program Files\nodejs\node.exe C:\Users\91895\AppData\Roaming\npm\node_modules\yarn\bin\yarn.js add bcrypt cors dotnev express mongoose

PATH: 
  C:\Program Files\Common Files\Oracle\Java\javapath;C:\WINDOWS\system32;C:\WINDOWS;C:\WINDOWS\System32\Wbem;C:\WINDOWS\System32\WindowsPowerShell\v1.0\;C:\WINDOWS\System32\OpenSSH\;C:\Program Files\Git\cmd;C:\Program Files\dotnet\;C:\ProgramData\chocolatey\bin;C:\Program Files\nodejs\;C:\Program Files (x86)\Java\jdk1.8.0_211\bin;;C:\Program Files (x86)\gnupg\bin;C:\Ruby30-x64\bin;C:\Users\91895\AppData\Local\Programs\Python\Python39\Scripts\;C:\Users\91895\AppData\Local\Programs\Python\Python39\;C:\Users\91895\AppData\Local\Microsoft\WindowsApps;C:\Users\91895\AppData\Local\Programs\Microsoft VS Code\bin;C:\Users\91895\AppData\Local\GitHubDesktop\bin;C:\Users\91895\AppData\Roaming\npm;C:\Users\91895\AppData\Local\Android\Sdk\platform-tools;C:\Program Files\heroku\bin

Yarn version: 
  1.22.10

Node version: 
  16.6.2

Platform: 
  win32 x64

Trace: 
  Error: https://registry.yarnpkg.com/dotnev: Not found
      at Request.params.callback [as _callback] (C:\Users\91895\AppData\Roaming\npm\node_modules\yarn\lib\cli.js:66988:18)
      at Request.self.callback (C:\Users\91895\AppData\Roaming\npm\node_modules\yarn\lib\cli.js:140662:22)
      at Request.emit (node:events:394:28)
      at Request.<anonymous> (C:\Users\91895\AppData\Roaming\npm\node_modules\yarn\lib\cli.js:141634:10)
      at Request.emit (node:events:394:28)
      at IncomingMessage.<anonymous> (C:\Users\91895\AppData\Roaming\npm\node_modules\yarn\lib\cli.js:141556:12)
      at Object.onceWrapper (node:events:513:28)
      at IncomingMessage.emit (node:events:406:35)
      at endReadableNT (node:internal/streams/readable:1331:12)
      at processTicksAndRejections (node:internal/process/task_queues:83:21)

npm manifest: 
  {
    "name": "lenxt-server",
    "version": "1.0.0",
    "description": "Backend server for lenxt app",
    "main": "index.js",
    "author": "Rishabh Singh",
    "license": "ISC"
  }

yarn manifest: 
  No manifest

Lockfile: 
  # THIS IS AN AUTOGENERATED FILE. DO NOT EDIT THIS FILE DIRECTLY.
  # yarn lockfile v1
